<?xml version="1.0" encoding="UTF-8"?>
<!-- Generated by org.testng.reporters.JUnitXMLReporter -->
<testsuite hostname="MukeshKiwi" name="selenium Automation" tests="2" failures="0" timestamp="14 Apr 2020 18:04:09 GMT" time="0.08" errors="0">
  <testcase name="@BeforeClass browserSetUp" time="0.0" classname="automationFramework.TestClass">
    <failure type="java.lang.NullPointerException">
      <![CDATA[java.lang.NullPointerException
	at automationFramework.WebDriverDef.browserSetUp(WebDriverDef.java:33)
... Removed 24 stack frames]]>
    </failure>
  </testcase> <!-- @BeforeClass browserSetUp -->
  <testcase name="@BeforeClass browserTabClose" time="0.0" classname="automationFramework.TestClass">
    <skipped/>
  </testcase> <!-- @BeforeClass browserTabClose -->
  <testcase name="@BeforeMethod launchBrowser" time="0.0" classname="automationFramework.TestClass">
    <skipped/>
  </testcase> <!-- @BeforeMethod launchBrowser -->
  <testcase name="@AfterMethod closeBrowser" time="0.0" classname="automationFramework.TestClass">
    <skipped/>
  </testcase> <!-- @AfterMethod closeBrowser -->
  <testcase name="@BeforeMethod launchBrowser" time="0.0" classname="automationFramework.TestClass">
    <skipped/>
  </testcase> <!-- @BeforeMethod launchBrowser -->
  <testcase name="@AfterMethod closeBrowser" time="0.0" classname="automationFramework.TestClass">
    <skipped/>
  </testcase> <!-- @AfterMethod closeBrowser -->
  <testcase name="@AfterTest teardown" time="0.0" classname="automationFramework.TestClass">
    <skipped/>
  </testcase> <!-- @AfterTest teardown -->
  <testcase name="singleInput" time="0.0" classname="automationFramework.TestClass">
    <skipped/>
  </testcase> <!-- singleInput -->
  <testcase name="twoInput" time="0.0" classname="automationFramework.TestClass">
    <skipped/>
  </testcase> <!-- twoInput -->
</testsuite> <!-- selenium Automation -->
