<?xml version="1.0" encoding="UTF-8"?>
<testng-results skipped="0" failed="0" total="2" passed="2">
  <reporter-output>
  </reporter-output>
  <suite name="Default suite" duration-ms="55569" started-at="2020-04-14T18:09:19Z" finished-at="2020-04-14T18:10:14Z">
    <groups>
    </groups>
    <test name="Default test" duration-ms="55569" started-at="2020-04-14T18:09:19Z" finished-at="2020-04-14T18:10:14Z">
      <class name="automationFramework.TestClass">
        <test-method status="PASS" signature="launchBrowser()[pri:0, instance:automationFramework.TestClass@483bf400]" name="launchBrowser" is-config="true" duration-ms="25121" started-at="2020-04-14T23:39:19Z" finished-at="2020-04-14T23:39:44Z">
          <reporter-output>
          </reporter-output>
        </test-method> <!-- launchBrowser -->
        <test-method status="PASS" signature="singleInput()[pri:0, instance:automationFramework.TestClass@483bf400]" name="singleInput" duration-ms="8921" started-at="2020-04-14T23:39:44Z" finished-at="2020-04-14T23:39:53Z">
          <reporter-output>
          </reporter-output>
        </test-method> <!-- singleInput -->
        <test-method status="PASS" signature="closeBrowser()[pri:0, instance:automationFramework.TestClass@483bf400]" name="closeBrowser" is-config="true" duration-ms="871" started-at="2020-04-14T23:39:53Z" finished-at="2020-04-14T23:39:54Z">
          <reporter-output>
          </reporter-output>
        </test-method> <!-- closeBrowser -->
        <test-method status="PASS" signature="launchBrowser()[pri:0, instance:automationFramework.TestClass@483bf400]" name="launchBrowser" is-config="true" duration-ms="16068" started-at="2020-04-14T23:39:54Z" finished-at="2020-04-14T23:40:10Z">
          <reporter-output>
          </reporter-output>
        </test-method> <!-- launchBrowser -->
        <test-method status="PASS" signature="twoInput()[pri:0, instance:automationFramework.TestClass@483bf400]" name="twoInput" duration-ms="3696" started-at="2020-04-14T23:40:10Z" finished-at="2020-04-14T23:40:14Z">
          <reporter-output>
          </reporter-output>
        </test-method> <!-- twoInput -->
        <test-method status="PASS" signature="closeBrowser()[pri:0, instance:automationFramework.TestClass@483bf400]" name="closeBrowser" is-config="true" duration-ms="868" started-at="2020-04-14T23:40:14Z" finished-at="2020-04-14T23:40:14Z">
          <reporter-output>
          </reporter-output>
        </test-method> <!-- closeBrowser -->
      </class> <!-- automationFramework.TestClass -->
    </test> <!-- Default test -->
  </suite> <!-- Default suite -->
</testng-results>
